<?xml version="1.0" encoding="UTF-8"?>
<coverage generated="1565850164">
  <project timestamp="1565850164">
    <package name="Rose\Data\Model">
      <file name="C:\Projects\Web\rose-php\source\rose-php\src\Data\Model\Model.php">
        <class name="Rose\Data\Model\Model" namespace="Rose\Data\Model">
          <metrics complexity="34" methods="24" coveredmethods="3" conditionals="0" coveredconditionals="0" statements="92" coveredstatements="3" elements="116" coveredelements="6"/>
        </class>
        <line num="20" type="method" name="getTableAlias" visibility="protected" complexity="1" crap="1" count="1"/>
        <line num="22" type="stmt" count="1"/>
        <line num="25" type="method" name="getTable" visibility="protected" complexity="1" crap="1" count="1"/>
        <line num="27" type="stmt" count="1"/>
        <line num="32" type="method" name="getAllTablesJoinSelectClause" visibility="protected" complexity="1" crap="2.00" count="0"/>
        <line num="34" type="stmt" count="0"/>
        <line num="38" type="method" name="getAllTablesJoinFromClause" visibility="protected" complexity="1" crap="2.00" count="0"/>
        <line num="40" type="stmt" count="0"/>
        <line num="43" type="method" name="initialize" visibility="public" complexity="1" crap="2.00" count="0"/>
        <line num="45" type="stmt" count="0"/>
        <line num="47" type="method" name="__construct" visibility="public" complexity="1" crap="1" count="1"/>
        <line num="49" type="stmt" count="1"/>
        <line num="51" type="method" name="getAll" visibility="public" complexity="3" crap="12.00" count="0"/>
        <line num="53" type="stmt" count="0"/>
        <line num="54" type="stmt" count="0"/>
        <line num="56" type="stmt" count="0"/>
        <line num="58" type="stmt" count="0"/>
        <line num="59" type="stmt" count="0"/>
        <line num="62" type="stmt" count="0"/>
        <line num="63" type="stmt" count="0"/>
        <line num="65" type="stmt" count="0"/>
        <line num="67" type="stmt" count="0"/>
        <line num="70" type="stmt" count="0"/>
        <line num="73" type="method" name="isIdValid" visibility="public" complexity="1" crap="2.00" count="0"/>
        <line num="75" type="stmt" count="0"/>
        <line num="76" type="stmt" count="0"/>
        <line num="77" type="stmt" count="0"/>
        <line num="78" type="stmt" count="0"/>
        <line num="79" type="stmt" count="0"/>
        <line num="80" type="stmt" count="0"/>
        <line num="82" type="stmt" count="0"/>
        <line num="85" type="method" name="count" visibility="public" complexity="1" crap="2.00" count="0"/>
        <line num="87" type="stmt" count="0"/>
        <line num="88" type="stmt" count="0"/>
        <line num="89" type="stmt" count="0"/>
        <line num="90" type="stmt" count="0"/>
        <line num="91" type="stmt" count="0"/>
        <line num="94" type="method" name="findAll" visibility="public" complexity="2" crap="6.00" count="0"/>
        <line num="96" type="stmt" count="0"/>
        <line num="97" type="stmt" count="0"/>
        <line num="98" type="stmt" count="0"/>
        <line num="101" type="stmt" count="0"/>
        <line num="103" type="stmt" count="0"/>
        <line num="107" type="stmt" count="0"/>
        <line num="108" type="stmt" count="0"/>
        <line num="110" type="stmt" count="0"/>
        <line num="113" type="method" name="find" visibility="public" complexity="2" crap="6.00" count="0"/>
        <line num="115" type="stmt" count="0"/>
        <line num="116" type="stmt" count="0"/>
        <line num="118" type="stmt" count="0"/>
        <line num="120" type="stmt" count="0"/>
        <line num="121" type="stmt" count="0"/>
        <line num="124" type="stmt" count="0"/>
        <line num="125" type="stmt" count="0"/>
        <line num="126" type="stmt" count="0"/>
        <line num="127" type="stmt" count="0"/>
        <line num="130" type="method" name="save" visibility="public" complexity="3" crap="12.00" count="0"/>
        <line num="132" type="stmt" count="0"/>
        <line num="134" type="stmt" count="0"/>
        <line num="138" type="stmt" count="0"/>
        <line num="142" type="method" name="update" visibility="public" complexity="2" crap="6.00" count="0"/>
        <line num="144" type="stmt" count="0"/>
        <line num="146" type="stmt" count="0"/>
        <line num="149" type="stmt" count="0"/>
        <line num="151" type="stmt" count="0"/>
        <line num="152" type="stmt" count="0"/>
        <line num="153" type="stmt" count="0"/>
        <line num="154" type="stmt" count="0"/>
        <line num="158" type="stmt" count="0"/>
        <line num="160" type="stmt" count="0"/>
        <line num="162" type="stmt" count="0"/>
        <line num="165" type="method" name="beforeUpdate" visibility="protected" complexity="1" crap="2.00" count="0"/>
        <line num="167" type="stmt" count="0"/>
        <line num="169" type="method" name="afterUpdate" visibility="protected" complexity="1" crap="2.00" count="0"/>
        <line num="171" type="stmt" count="0"/>
        <line num="173" type="method" name="insert" visibility="public" complexity="1" crap="2.00" count="0"/>
        <line num="175" type="stmt" count="0"/>
        <line num="177" type="stmt" count="0"/>
        <line num="180" type="stmt" count="0"/>
        <line num="181" type="stmt" count="0"/>
        <line num="182" type="stmt" count="0"/>
        <line num="184" type="stmt" count="0"/>
        <line num="188" type="stmt" count="0"/>
        <line num="190" type="stmt" count="0"/>
        <line num="193" type="method" name="beforeInsert" visibility="protected" complexity="1" crap="2.00" count="0"/>
        <line num="195" type="stmt" count="0"/>
        <line num="197" type="method" name="afterInsert" visibility="protected" complexity="1" crap="2.00" count="0"/>
        <line num="199" type="stmt" count="0"/>
        <line num="201" type="method" name="getDeletedColumnName" visibility="protected" complexity="1" crap="2.00" count="0"/>
        <line num="202" type="stmt" count="0"/>
        <line num="205" type="method" name="delete" visibility="public" complexity="2" crap="6.00" count="0"/>
        <line num="206" type="stmt" count="0"/>
        <line num="208" type="stmt" count="0"/>
        <line num="209" type="stmt" count="0"/>
        <line num="211" type="stmt" count="0"/>
        <line num="216" type="stmt" count="0"/>
        <line num="218" type="stmt" count="0"/>
        <line num="221" type="method" name="deleteRow" visibility="private" complexity="1" crap="2.00" count="0"/>
        <line num="222" type="stmt" count="0"/>
        <line num="223" type="stmt" count="0"/>
        <line num="224" type="stmt" count="0"/>
        <line num="225" type="stmt" count="0"/>
        <line num="227" type="stmt" count="0"/>
        <line num="230" type="method" name="markRowAsDeleted" visibility="private" complexity="1" crap="2.00" count="0"/>
        <line num="232" type="stmt" count="0"/>
        <line num="233" type="stmt" count="0"/>
        <line num="235" type="stmt" count="0"/>
        <line num="236" type="stmt" count="0"/>
        <line num="237" type="stmt" count="0"/>
        <line num="240" type="stmt" count="0"/>
        <line num="241" type="stmt" count="0"/>
        <line num="243" type="stmt" count="0"/>
        <line num="246" type="method" name="beforeDelete" visibility="protected" complexity="1" crap="2.00" count="0"/>
        <line num="248" type="stmt" count="0"/>
        <line num="250" type="method" name="afterDelete" visibility="protected" complexity="1" crap="2.00" count="0"/>
        <line num="252" type="stmt" count="0"/>
        <metrics loc="253" ncloc="228" classes="1" methods="24" coveredmethods="3" conditionals="0" coveredconditionals="0" statements="92" coveredstatements="3" elements="116" coveredelements="6"/>
      </file>
    </package>
    <package name="Rose\HelloWorld">
      <file name="C:\Projects\Web\rose-php\source\rose-php\src\HelloWorld\SayHello.php">
        <class name="Rose\HelloWorld\SayHello" namespace="Rose\HelloWorld">
          <metrics complexity="1" methods="1" coveredmethods="1" conditionals="0" coveredconditionals="0" statements="1" coveredstatements="1" elements="2" coveredelements="2"/>
        </class>
        <line num="9" type="method" name="world" visibility="public" complexity="1" crap="1" count="1"/>
        <line num="11" type="stmt" count="1"/>
        <metrics loc="13" ncloc="13" classes="1" methods="1" coveredmethods="1" conditionals="0" coveredconditionals="0" statements="1" coveredstatements="1" elements="2" coveredelements="2"/>
      </file>
    </package>
    <package name="Rose">
      <file name="C:\Projects\Web\rose-php\source\rose-php\src\Math.php">
        <class name="Rose\Math" namespace="Rose">
          <metrics complexity="1" methods="1" coveredmethods="1" conditionals="0" coveredconditionals="0" statements="1" coveredstatements="1" elements="2" coveredelements="2"/>
        </class>
        <line num="9" type="method" name="add" visibility="public" complexity="1" crap="1" count="1"/>
        <line num="11" type="stmt" count="1"/>
        <metrics loc="12" ncloc="12" classes="1" methods="1" coveredmethods="1" conditionals="0" coveredconditionals="0" statements="1" coveredstatements="1" elements="2" coveredelements="2"/>
      </file>
    </package>
    <metrics files="3" loc="278" ncloc="253" classes="3" methods="26" coveredmethods="5" conditionals="0" coveredconditionals="0" statements="94" coveredstatements="5" elements="120" coveredelements="10"/>
  </project>
</coverage>
